<?xml version="1.0" encoding="utf-8"?><testsuites name="pytest tests"><testsuite name="pytest" errors="0" failures="0" skipped="0" tests="12" time="19.636" timestamp="2026-05-02T16:10:21.614266+00:00" hostname="agent-env-3dadf2fd-aa19-4538-a0b8-c328a32fa297"><testcase classname="backend.tests.test_seaipc_features.TestPasswordReset" name="test_forgot_password_always_returns_200" time="0.335" /><testcase classname="backend.tests.test_seaipc_features.TestPasswordReset" name="test_forgot_password_known_email_logs_reset_link" time="1.009" /><testcase classname="backend.tests.test_seaipc_features.TestPasswordReset" name="test_reset_password_invalid_token_rejected" time="0.217" /><testcase classname="backend.tests.test_seaipc_features.TestPasswordReset" name="test_full_reset_flow_then_restore" time="4.646" /><testcase classname="backend.tests.test_seaipc_features.TestDOIOnPublish" name="test_publish_auto_assigns_doi" time="2.213" /><testcase classname="backend.tests.test_seaipc_features.TestDOIOnPublish" name="test_publish_with_explicit_doi" time="1.954" /><testcase classname="backend.tests.test_seaipc_features.TestFilePreview" name="test_preview_with_query_token_inline" time="1.401" /><testcase classname="backend.tests.test_seaipc_features.TestFilePreview" name="test_preview_with_bearer_header" time="1.283" /><testcase classname="backend.tests.test_seaipc_features.TestFilePreview" name="test_preview_no_token_rejected" time="1.174" /><testcase classname="backend.tests.test_seaipc_features.TestFilePreview" name="test_preview_invalid_token_rejected" time="1.420" /><testcase classname="backend.tests.test_seaipc_features.TestFilePreview" name="test_preview_unauthorized_reviewer_forbidden" time="1.776" /><testcase classname="backend.tests.test_seaipc_features.TestFilePreview" name="test_preview_admin_allowed" time="1.797" /></testsuite></testsuites>