<?xml version="1.0" encoding="utf-8"?><testsuites name="pytest tests"><testsuite name="pytest" errors="0" failures="1" skipped="0" tests="46" time="109.733" timestamp="2026-05-02T16:10:44.962923+00:00" hostname="agent-env-3dadf2fd-aa19-4538-a0b8-c328a32fa297"><testcase classname="backend.tests.test_ojs_api.TestPublic" name="test_health" time="0.192" /><testcase classname="backend.tests.test_ojs_api.TestPublic" name="test_papers_published_public" time="0.148" /><testcase classname="backend.tests.test_ojs_api.TestAuth" name="test_login_all_demo" time="2.402" /><testcase classname="backend.tests.test_ojs_api.TestAuth" name="test_login_invalid" time="0.184" /><testcase classname="backend.tests.test_ojs_api.TestAuth" name="test_me" time="0.159" /><testcase classname="backend.tests.test_ojs_api.TestAuth" name="test_me_unauthorized" time="0.172" /><testcase classname="backend.tests.test_ojs_api.TestAuth" name="test_register_new_author" time="0.523" /><testcase classname="backend.tests.test_ojs_api.TestAuth" name="test_register_admin_downgraded" time="0.450" /><testcase classname="backend.tests.test_ojs_api.TestAuth" name="test_register_duplicate" time="0.168" /><testcase classname="backend.tests.test_ojs_api.TestUsers" name="test_list_users_as_admin" time="0.186" /><testcase classname="backend.tests.test_ojs_api.TestUsers" name="test_list_reviewers" time="0.153" /><testcase classname="backend.tests.test_ojs_api.TestUsers" name="test_author_cannot_list_users" time="0.164" /><testcase classname="backend.tests.test_ojs_api.TestPaperFlow" name="test_paper_created_and_listed_for_author" time="0.347" /><testcase classname="backend.tests.test_ojs_api.TestPaperFlow" name="test_get_paper" time="0.154" /><testcase classname="backend.tests.test_ojs_api.TestPaperFlow" name="test_upload_pdf" time="0.361" /><testcase classname="backend.tests.test_ojs_api.TestPaperFlow" name="test_upload_invalid_extension" time="0.189" /><testcase classname="backend.tests.test_ojs_api.TestPaperFlow" name="test_author_cannot_assign_reviewers" time="0.180" /><testcase classname="backend.tests.test_ojs_api.TestPaperFlow" name="test_editor_assigns_reviewer" time="0.591" /><testcase classname="backend.tests.test_ojs_api.TestPaperFlow" name="test_reviewer_sees_assigned_paper" time="0.170" /><testcase classname="backend.tests.test_ojs_api.TestPaperFlow" name="test_reviewer_submits_review" time="0.208" /><testcase classname="backend.tests.test_ojs_api.TestPaperFlow" name="test_reviewer_cannot_make_decision" time="0.170" /><testcase classname="backend.tests.test_ojs_api.TestPaperFlow" name="test_author_cannot_see_reviews_before_decision" time="0.215" /><testcase classname="backend.tests.test_ojs_api.TestPaperFlow" name="test_editor_makes_revision_decision" time="0.183" /><testcase classname="backend.tests.test_ojs_api.TestPaperFlow" name="test_author_sees_reviews_after_decision" time="0.305" /><testcase classname="backend.tests.test_ojs_api.TestPaperFlow" name="test_author_uploads_revision" time="31.426"><failure message="assert 500 == 200&#10; +  where 500 = &lt;Response [500]&gt;.status_code">backend/tests/test_ojs_api.py:244: in test_author_uploads_revision
    assert r.status_code == 200
E   assert 500 == 200
E    +  where 500 = &lt;Response [500]&gt;.status_code</failure></testcase><testcase classname="backend.tests.test_ojs_api.TestPaperFlow" name="test_editor_publishes" time="0.411" /><testcase classname="backend.tests.test_ojs_api.TestFileDownload" name="test_unauth_other_author_denied" time="0.878" /><testcase classname="backend.tests.test_ojs_api.TestNotifications" name="test_list" time="0.140" /><testcase classname="backend.tests.test_ojs_api.TestNotifications" name="test_mark_all_read" time="0.580" /><testcase classname="backend.tests.test_ojs_api.TestStats" name="test_author_stats" time="0.135" /><testcase classname="backend.tests.test_ojs_api.TestStats" name="test_editor_stats" time="0.143" /><testcase classname="backend.tests.test_ojs_api.TestStats" name="test_reviewer_stats" time="0.171" /><testcase classname="backend.tests.test_ojs_api.TestAdminUsers" name="test_update_role_and_delete" time="0.692" /><testcase classname="backend.tests.test_ojs_api.TestAdminUsers" name="test_editor_cannot_update_role" time="0.151" /><testcase classname="backend.tests.test_seaipc_features.TestPasswordReset" name="test_forgot_password_always_returns_200" time="0.143" /><testcase classname="backend.tests.test_seaipc_features.TestPasswordReset" name="test_forgot_password_known_email_logs_reset_link" time="0.973" /><testcase classname="backend.tests.test_seaipc_features.TestPasswordReset" name="test_reset_password_invalid_token_rejected" time="0.130" /><testcase classname="backend.tests.test_seaipc_features.TestPasswordReset" name="test_full_reset_flow_then_restore" time="55.147" /><testcase classname="backend.tests.test_seaipc_features.TestDOIOnPublish" name="test_publish_auto_assigns_doi" time="1.725" /><testcase classname="backend.tests.test_seaipc_features.TestDOIOnPublish" name="test_publish_with_explicit_doi" time="1.560" /><testcase classname="backend.tests.test_seaipc_features.TestFilePreview" name="test_preview_with_query_token_inline" time="1.075" /><testcase classname="backend.tests.test_seaipc_features.TestFilePreview" name="test_preview_with_bearer_header" time="1.089" /><testcase classname="backend.tests.test_seaipc_features.TestFilePreview" name="test_preview_no_token_rejected" time="0.996" /><testcase classname="backend.tests.test_seaipc_features.TestFilePreview" name="test_preview_invalid_token_rejected" time="0.909" /><testcase classname="backend.tests.test_seaipc_features.TestFilePreview" name="test_preview_unauthorized_reviewer_forbidden" time="1.405" /><testcase classname="backend.tests.test_seaipc_features.TestFilePreview" name="test_preview_admin_allowed" time="1.485" /></testsuite></testsuites>