<?xml version="1.0" encoding="utf-8"?><testsuites name="pytest tests"><testsuite name="pytest" errors="0" failures="1" skipped="0" tests="63" time="95.951" timestamp="2026-05-02T17:25:37.741719+00:00" hostname="agent-env-3dadf2fd-aa19-4538-a0b8-c328a32fa297"><testcase classname="backend.tests.test_cms.TestContentGet" name="test_get_content_public_returns_full_doc" time="0.245" /><testcase classname="backend.tests.test_cms.TestContentGet" name="test_get_content_no_mongo_id_leaked" time="0.193" /><testcase classname="backend.tests.test_cms.TestContentPut" name="test_put_content_requires_admin" time="1.622" /><testcase classname="backend.tests.test_cms.TestContentPut" name="test_put_theme_persists_and_does_not_wipe_other_sections" time="1.399" /><testcase classname="backend.tests.test_cms.TestContentPut" name="test_put_branding_partial_merge" time="1.267" /><testcase classname="backend.tests.test_cms.TestContentPut" name="test_put_dates_replaces_list" time="1.292" /><testcase classname="backend.tests.test_cms.TestLogoUpload" name="test_upload_logo_requires_admin" time="0.791" /><testcase classname="backend.tests.test_cms.TestLogoUpload" name="test_upload_logo_png_ok_and_public_serve" time="1.281" /><testcase classname="backend.tests.test_cms.TestLogoUpload" name="test_upload_logo_rejects_disallowed_extension" time="0.672" /><testcase classname="backend.tests.test_cms.TestLogoUpload" name="test_upload_logo_accepts_svg" time="0.959" /><testcase classname="backend.tests.test_cms.TestLogoUpload" name="test_public_logo_404_for_unknown" time="0.164" /><testcase classname="backend.tests.test_cms.TestFlyerUpload" name="test_flyer_upload_requires_admin" time="0.800" /><testcase classname="backend.tests.test_cms.TestFlyerUpload" name="test_flyer_upload_png_ok" time="1.411" /><testcase classname="backend.tests.test_cms.TestFlyerUpload" name="test_flyer_upload_pdf_ok" time="1.034" /><testcase classname="backend.tests.test_cms.TestFlyerUpload" name="test_flyer_upload_rejects_svg" time="0.767" /><testcase classname="backend.tests.test_cms.TestAuthRegression" name="test_admin_login_ok" time="0.907" /><testcase classname="backend.tests.test_cms.TestAuthRegression" name="test_author_login_ok" time="0.699" /><testcase classname="backend.tests.test_ojs_api.TestPublic" name="test_health" time="0.248" /><testcase classname="backend.tests.test_ojs_api.TestPublic" name="test_papers_published_public" time="0.199" /><testcase classname="backend.tests.test_ojs_api.TestAuth" name="test_login_all_demo" time="2.535" /><testcase classname="backend.tests.test_ojs_api.TestAuth" name="test_login_invalid" time="0.231" /><testcase classname="backend.tests.test_ojs_api.TestAuth" name="test_me" time="30.060"><failure message="requests.exceptions.ConnectTimeout: HTTPSConnectionPool(host='paper-review-flow.preview.emergentagent.com', port=443): Max retries exceeded with url: /api/auth/me (Caused by ConnectTimeoutError(&lt;HTTPSConnection(host='paper-review-flow.preview.emergentagent.com', port=443) at 0x78f8f07708d0&gt;, 'Connection to paper-review-flow.preview.emergentagent.com timed out. (connect timeout=15)'))">E   TimeoutError: timed out

The above exception was the direct cause of the following exception:
E   urllib3.exceptions.ConnectTimeoutError: (&lt;HTTPSConnection(host='paper-review-flow.preview.emergentagent.com', port=443) at 0x78f8f07708d0&gt;, 'Connection to paper-review-flow.preview.emergentagent.com timed out. (connect timeout=15)')

The above exception was the direct cause of the following exception:
E   urllib3.exceptions.MaxRetryError: HTTPSConnectionPool(host='paper-review-flow.preview.emergentagent.com', port=443): Max retries exceeded with url: /api/auth/me (Caused by ConnectTimeoutError(&lt;HTTPSConnection(host='paper-review-flow.preview.emergentagent.com', port=443) at 0x78f8f07708d0&gt;, 'Connection to paper-review-flow.preview.emergentagent.com timed out. (connect timeout=15)'))

During handling of the above exception, another exception occurred:
E   requests.exceptions.ConnectTimeout: HTTPSConnectionPool(host='paper-review-flow.preview.emergentagent.com', port=443): Max retries exceeded with url: /api/auth/me (Caused by ConnectTimeoutError(&lt;HTTPSConnection(host='paper-review-flow.preview.emergentagent.com', port=443) at 0x78f8f07708d0&gt;, 'Connection to paper-review-flow.preview.emergentagent.com timed out. (connect timeout=15)'))</failure></testcase><testcase classname="backend.tests.test_ojs_api.TestAuth" name="test_me_unauthorized" time="0.301" /><testcase classname="backend.tests.test_ojs_api.TestAuth" name="test_register_new_author" time="6.054" /><testcase classname="backend.tests.test_ojs_api.TestAuth" name="test_register_admin_downgraded" time="1.044" /><testcase classname="backend.tests.test_ojs_api.TestAuth" name="test_register_duplicate" time="0.348" /><testcase classname="backend.tests.test_ojs_api.TestUsers" name="test_list_users_as_admin" time="0.339" /><testcase classname="backend.tests.test_ojs_api.TestUsers" name="test_list_reviewers" time="0.316" /><testcase classname="backend.tests.test_ojs_api.TestUsers" name="test_author_cannot_list_users" time="0.313" /><testcase classname="backend.tests.test_ojs_api.TestPaperFlow" name="test_paper_created_and_listed_for_author" time="0.773" /><testcase classname="backend.tests.test_ojs_api.TestPaperFlow" name="test_get_paper" time="0.292" /><testcase classname="backend.tests.test_ojs_api.TestPaperFlow" name="test_upload_pdf" time="0.829" /><testcase classname="backend.tests.test_ojs_api.TestPaperFlow" name="test_upload_invalid_extension" time="0.332" /><testcase classname="backend.tests.test_ojs_api.TestPaperFlow" name="test_author_cannot_assign_reviewers" time="7.594" /><testcase classname="backend.tests.test_ojs_api.TestPaperFlow" name="test_editor_assigns_reviewer" time="1.238" /><testcase classname="backend.tests.test_ojs_api.TestPaperFlow" name="test_reviewer_sees_assigned_paper" time="0.306" /><testcase classname="backend.tests.test_ojs_api.TestPaperFlow" name="test_reviewer_submits_review" time="0.356" /><testcase classname="backend.tests.test_ojs_api.TestPaperFlow" name="test_reviewer_cannot_make_decision" time="0.323" /><testcase classname="backend.tests.test_ojs_api.TestPaperFlow" name="test_author_cannot_see_reviews_before_decision" time="0.302" /><testcase classname="backend.tests.test_ojs_api.TestPaperFlow" name="test_editor_makes_revision_decision" time="0.286" /><testcase classname="backend.tests.test_ojs_api.TestPaperFlow" name="test_author_sees_reviews_after_decision" time="0.299" /><testcase classname="backend.tests.test_ojs_api.TestPaperFlow" name="test_author_uploads_revision" time="0.619" /><testcase classname="backend.tests.test_ojs_api.TestPaperFlow" name="test_editor_publishes" time="0.617" /><testcase classname="backend.tests.test_ojs_api.TestFileDownload" name="test_unauth_other_author_denied" time="1.673" /><testcase classname="backend.tests.test_ojs_api.TestNotifications" name="test_list" time="0.255" /><testcase classname="backend.tests.test_ojs_api.TestNotifications" name="test_mark_all_read" time="0.525" /><testcase classname="backend.tests.test_ojs_api.TestStats" name="test_author_stats" time="0.266" /><testcase classname="backend.tests.test_ojs_api.TestStats" name="test_editor_stats" time="0.256" /><testcase classname="backend.tests.test_ojs_api.TestStats" name="test_reviewer_stats" time="0.249" /><testcase classname="backend.tests.test_ojs_api.TestAdminUsers" name="test_update_role_and_delete" time="1.171" /><testcase classname="backend.tests.test_ojs_api.TestAdminUsers" name="test_editor_cannot_update_role" time="0.200" /><testcase classname="backend.tests.test_seaipc_features.TestPasswordReset" name="test_forgot_password_always_returns_200" time="0.187" /><testcase classname="backend.tests.test_seaipc_features.TestPasswordReset" name="test_forgot_password_known_email_logs_reset_link" time="1.049" /><testcase classname="backend.tests.test_seaipc_features.TestPasswordReset" name="test_reset_password_invalid_token_rejected" time="0.313" /><testcase classname="backend.tests.test_seaipc_features.TestPasswordReset" name="test_full_reset_flow_then_restore" time="5.265" /><testcase classname="backend.tests.test_seaipc_features.TestDOIOnPublish" name="test_publish_auto_assigns_doi" time="2.388" /><testcase classname="backend.tests.test_seaipc_features.TestDOIOnPublish" name="test_publish_with_explicit_doi" time="1.776" /><testcase classname="backend.tests.test_seaipc_features.TestFilePreview" name="test_preview_with_query_token_inline" time="1.471" /><testcase classname="backend.tests.test_seaipc_features.TestFilePreview" name="test_preview_with_bearer_header" time="1.257" /><testcase classname="backend.tests.test_seaipc_features.TestFilePreview" name="test_preview_no_token_rejected" time="1.034" /><testcase classname="backend.tests.test_seaipc_features.TestFilePreview" name="test_preview_invalid_token_rejected" time="1.251" /><testcase classname="backend.tests.test_seaipc_features.TestFilePreview" name="test_preview_unauthorized_reviewer_forbidden" time="1.478" /><testcase classname="backend.tests.test_seaipc_features.TestFilePreview" name="test_preview_admin_allowed" time="1.650" /></testsuite></testsuites>