<?xml version="1.0" encoding="utf-8"?><testsuites name="pytest tests"><testsuite name="pytest" errors="0" failures="1" skipped="0" tests="18" time="14.201" timestamp="2026-05-02T17:24:59.289345+00:00" hostname="agent-env-3dadf2fd-aa19-4538-a0b8-c328a32fa297"><testcase classname="backend.tests.test_cms.TestContentGet" name="test_get_content_public_returns_full_doc" time="0.310" /><testcase classname="backend.tests.test_cms.TestContentGet" name="test_get_content_no_mongo_id_leaked" time="0.164" /><testcase classname="backend.tests.test_cms.TestContentPut" name="test_put_content_requires_admin" time="1.538" /><testcase classname="backend.tests.test_cms.TestContentPut" name="test_put_theme_persists_and_does_not_wipe_other_sections" time="1.169" /><testcase classname="backend.tests.test_cms.TestContentPut" name="test_put_branding_partial_merge" time="1.353" /><testcase classname="backend.tests.test_cms.TestContentPut" name="test_put_dates_replaces_list" time="1.235" /><testcase classname="backend.tests.test_cms.TestLogoUpload" name="test_upload_logo_requires_admin" time="0.605" /><testcase classname="backend.tests.test_cms.TestLogoUpload" name="test_upload_logo_png_ok_and_public_serve" time="1.184" /><testcase classname="backend.tests.test_cms.TestLogoUpload" name="test_upload_logo_rejects_disallowed_extension" time="0.614" /><testcase classname="backend.tests.test_cms.TestLogoUpload" name="test_upload_logo_accepts_svg" time="0.843" /><testcase classname="backend.tests.test_cms.TestLogoUpload" name="test_public_logo_404_for_unknown" time="0.141" /><testcase classname="backend.tests.test_cms.TestFlyerUpload" name="test_flyer_upload_requires_admin" time="0.640" /><testcase classname="backend.tests.test_cms.TestFlyerUpload" name="test_flyer_upload_png_ok" time="1.171" /><testcase classname="backend.tests.test_cms.TestFlyerUpload" name="test_flyer_upload_pdf_ok" time="0.788" /><testcase classname="backend.tests.test_cms.TestFlyerUpload" name="test_flyer_upload_rejects_svg" time="0.614" /><testcase classname="backend.tests.test_cms.TestCORSNoCredentials" name="test_cors_wildcard_and_no_credentials" time="0.159"><failure message="AssertionError: assert 'true' != 'true'&#10; +  where 'true' = &lt;built-in method lower of str object at 0x792217b088f0&gt;()&#10; +    where &lt;built-in method lower of str object at 0x792217b088f0&gt; = 'true'.lower&#10; +      where 'true' = get('access-control-allow-credentials', 'false')&#10; +        where get = {'Date': 'Sat, 02 May 2026 17:25:12 GMT', 'Content-Type': 'application/json', 'Transfer-Encoding': 'chunked', 'Connection': 'keep-alive', 'CF-Ray': '9f58b94e6a7fe578-ORD', 'CF-Cache-Status': 'DYNAMIC', 'Access-Control-Allow-Origin': '*', 'Cache-Control': 'no-store, no-cache, must-revalidate', 'Server': 'cloudflare', 'Via': '1.1 google', 'Access-Control-Allow-Headers': '*', 'Access-Control-Allow-Methods': 'GET, POST, PUT, DELETE, OPTIONS, HEAD, PATCH', 'Access-Control-Max-Age': '300', 'access-control-allow-credentials': 'true', 'set-cookie': '__cf_bm=nPUxXw1wvm12IBFv4RGOLGIhq9n0nKfXvAmpz7FqI3k-1777742712.0611477-1.0.1.1-O7O7AXeyCd0ooZmepPK4migYby5Jw2m1D4ulQIgWhPIOBeHVCawA3xHUahmu.A5hjCX2AY9zkmjXL5T45OHQWIAX8I0k.k.CH3bl_yKB.T9Hze4af52KRhU.B49O2RiU; HttpOnly; Secure; Path=/; Domain=preview.emergentagent.com; Expires=Sat, 02 May 2026 17:55:12 GMT', 'X-Robots-Tag': 'noindex, nofollow', 'Content-Encoding': 'gzip'}.get&#10; +          where {'Date': 'Sat, 02 May 2026 17:25:12 GMT', 'Content-Type': 'application/json', 'Transfer-Encoding': 'chunked', 'Connection': 'keep-alive', 'CF-Ray': '9f58b94e6a7fe578-ORD', 'CF-Cache-Status': 'DYNAMIC', 'Access-Control-Allow-Origin': '*', 'Cache-Control': 'no-store, no-cache, must-revalidate', 'Server': 'cloudflare', 'Via': '1.1 google', 'Access-Control-Allow-Headers': '*', 'Access-Control-Allow-Methods': 'GET, POST, PUT, DELETE, OPTIONS, HEAD, PATCH', 'Access-Control-Max-Age': '300', 'access-control-allow-credentials': 'true', 'set-cookie': '__cf_bm=nPUxXw1wvm12IBFv4RGOLGIhq9n0nKfXvAmpz7FqI3k-1777742712.0611477-1.0.1.1-O7O7AXeyCd0ooZmepPK4migYby5Jw2m1D4ulQIgWhPIOBeHVCawA3xHUahmu.A5hjCX2AY9zkmjXL5T45OHQWIAX8I0k.k.CH3bl_yKB.T9Hze4af52KRhU.B49O2RiU; HttpOnly; Secure; Path=/; Domain=preview.emergentagent.com; Expires=Sat, 02 May 2026 17:55:12 GMT', 'X-Robots-Tag': 'noindex, nofollow', 'Content-Encoding': 'gzip'} = &lt;Response [200]&gt;.headers">backend/tests/test_cms.py:231: in test_cors_wildcard_and_no_credentials
    assert r.headers.get("access-control-allow-credentials", "false").lower() != "true"
E   AssertionError: assert 'true' != 'true'
E    +  where 'true' = &lt;built-in method lower of str object at 0x792217b088f0&gt;()
E    +    where &lt;built-in method lower of str object at 0x792217b088f0&gt; = 'true'.lower
E    +      where 'true' = get('access-control-allow-credentials', 'false')
E    +        where get = {'Date': 'Sat, 02 May 2026 17:25:12 GMT', 'Content-Type': 'application/json', 'Transfer-Encoding': 'chunked', 'Connection': 'keep-alive', 'CF-Ray': '9f58b94e6a7fe578-ORD', 'CF-Cache-Status': 'DYNAMIC', 'Access-Control-Allow-Origin': '*', 'Cache-Control': 'no-store, no-cache, must-revalidate', 'Server': 'cloudflare', 'Via': '1.1 google', 'Access-Control-Allow-Headers': '*', 'Access-Control-Allow-Methods': 'GET, POST, PUT, DELETE, OPTIONS, HEAD, PATCH', 'Access-Control-Max-Age': '300', 'access-control-allow-credentials': 'true', 'set-cookie': '__cf_bm=nPUxXw1wvm12IBFv4RGOLGIhq9n0nKfXvAmpz7FqI3k-1777742712.0611477-1.0.1.1-O7O7AXeyCd0ooZmepPK4migYby5Jw2m1D4ulQIgWhPIOBeHVCawA3xHUahmu.A5hjCX2AY9zkmjXL5T45OHQWIAX8I0k.k.CH3bl_yKB.T9Hze4af52KRhU.B49O2RiU; HttpOnly; Secure; Path=/; Domain=preview.emergentagent.com; Expires=Sat, 02 May 2026 17:55:12 GMT', 'X-Robots-Tag': 'noindex, nofollow', 'Content-Encoding': 'gzip'}.get
E    +          where {'Date': 'Sat, 02 May 2026 17:25:12 GMT', 'Content-Type': 'application/json', 'Transfer-Encoding': 'chunked', 'Connection': 'keep-alive', 'CF-Ray': '9f58b94e6a7fe578-ORD', 'CF-Cache-Status': 'DYNAMIC', 'Access-Control-Allow-Origin': '*', 'Cache-Control': 'no-store, no-cache, must-revalidate', 'Server': 'cloudflare', 'Via': '1.1 google', 'Access-Control-Allow-Headers': '*', 'Access-Control-Allow-Methods': 'GET, POST, PUT, DELETE, OPTIONS, HEAD, PATCH', 'Access-Control-Max-Age': '300', 'access-control-allow-credentials': 'true', 'set-cookie': '__cf_bm=nPUxXw1wvm12IBFv4RGOLGIhq9n0nKfXvAmpz7FqI3k-1777742712.0611477-1.0.1.1-O7O7AXeyCd0ooZmepPK4migYby5Jw2m1D4ulQIgWhPIOBeHVCawA3xHUahmu.A5hjCX2AY9zkmjXL5T45OHQWIAX8I0k.k.CH3bl_yKB.T9Hze4af52KRhU.B49O2RiU; HttpOnly; Secure; Path=/; Domain=preview.emergentagent.com; Expires=Sat, 02 May 2026 17:55:12 GMT', 'X-Robots-Tag': 'noindex, nofollow', 'Content-Encoding': 'gzip'} = &lt;Response [200]&gt;.headers</failure></testcase><testcase classname="backend.tests.test_cms.TestAuthRegression" name="test_admin_login_ok" time="0.615" /><testcase classname="backend.tests.test_cms.TestAuthRegression" name="test_author_login_ok" time="0.633" /></testsuite></testsuites>