<?xml version="1.0" encoding="utf-8"?><testsuites name="pytest tests"><testsuite name="pytest" errors="0" failures="0" skipped="0" tests="34" time="13.228" timestamp="2026-05-02T15:54:11.155419+00:00" hostname="agent-env-3dadf2fd-aa19-4538-a0b8-c328a32fa297"><testcase classname="backend.tests.test_ojs_api.TestPublic" name="test_health" time="0.315" /><testcase classname="backend.tests.test_ojs_api.TestPublic" name="test_papers_published_public" time="0.200" /><testcase classname="backend.tests.test_ojs_api.TestAuth" name="test_login_all_demo" time="2.200" /><testcase classname="backend.tests.test_ojs_api.TestAuth" name="test_login_invalid" time="0.164" /><testcase classname="backend.tests.test_ojs_api.TestAuth" name="test_me" time="0.200" /><testcase classname="backend.tests.test_ojs_api.TestAuth" name="test_me_unauthorized" time="0.179" /><testcase classname="backend.tests.test_ojs_api.TestAuth" name="test_register_new_author" time="0.551" /><testcase classname="backend.tests.test_ojs_api.TestAuth" name="test_register_admin_downgraded" time="0.545" /><testcase classname="backend.tests.test_ojs_api.TestAuth" name="test_register_duplicate" time="0.191" /><testcase classname="backend.tests.test_ojs_api.TestUsers" name="test_list_users_as_admin" time="0.187" /><testcase classname="backend.tests.test_ojs_api.TestUsers" name="test_list_reviewers" time="0.204" /><testcase classname="backend.tests.test_ojs_api.TestUsers" name="test_author_cannot_list_users" time="0.218" /><testcase classname="backend.tests.test_ojs_api.TestPaperFlow" name="test_paper_created_and_listed_for_author" time="0.497" /><testcase classname="backend.tests.test_ojs_api.TestPaperFlow" name="test_get_paper" time="0.242" /><testcase classname="backend.tests.test_ojs_api.TestPaperFlow" name="test_upload_pdf" time="0.480" /><testcase classname="backend.tests.test_ojs_api.TestPaperFlow" name="test_upload_invalid_extension" time="0.166" /><testcase classname="backend.tests.test_ojs_api.TestPaperFlow" name="test_author_cannot_assign_reviewers" time="0.185" /><testcase classname="backend.tests.test_ojs_api.TestPaperFlow" name="test_editor_assigns_reviewer" time="0.625" /><testcase classname="backend.tests.test_ojs_api.TestPaperFlow" name="test_reviewer_sees_assigned_paper" time="0.175" /><testcase classname="backend.tests.test_ojs_api.TestPaperFlow" name="test_reviewer_submits_review" time="0.176" /><testcase classname="backend.tests.test_ojs_api.TestPaperFlow" name="test_reviewer_cannot_make_decision" time="0.207" /><testcase classname="backend.tests.test_ojs_api.TestPaperFlow" name="test_author_cannot_see_reviews_before_decision" time="0.207" /><testcase classname="backend.tests.test_ojs_api.TestPaperFlow" name="test_editor_makes_revision_decision" time="0.193" /><testcase classname="backend.tests.test_ojs_api.TestPaperFlow" name="test_author_sees_reviews_after_decision" time="0.220" /><testcase classname="backend.tests.test_ojs_api.TestPaperFlow" name="test_author_uploads_revision" time="0.344" /><testcase classname="backend.tests.test_ojs_api.TestPaperFlow" name="test_editor_publishes" time="0.422" /><testcase classname="backend.tests.test_ojs_api.TestFileDownload" name="test_unauth_other_author_denied" time="1.085" /><testcase classname="backend.tests.test_ojs_api.TestNotifications" name="test_list" time="0.210" /><testcase classname="backend.tests.test_ojs_api.TestNotifications" name="test_mark_all_read" time="0.329" /><testcase classname="backend.tests.test_ojs_api.TestStats" name="test_author_stats" time="0.198" /><testcase classname="backend.tests.test_ojs_api.TestStats" name="test_editor_stats" time="0.191" /><testcase classname="backend.tests.test_ojs_api.TestStats" name="test_reviewer_stats" time="0.179" /><testcase classname="backend.tests.test_ojs_api.TestAdminUsers" name="test_update_role_and_delete" time="0.831" /><testcase classname="backend.tests.test_ojs_api.TestAdminUsers" name="test_editor_cannot_update_role" time="0.186" /></testsuite></testsuites>